<?xml version="1.0" encoding="UTF-8"?>
<testng-results ignored="0" total="3" passed="2" failed="1" skipped="0">
  <reporter-output>
  </reporter-output>
  <suite started-at="2024-12-23T14:00:23 IST" name="Suite" finished-at="2024-12-23T14:00:58 IST" duration-ms="35037">
    <groups>
      <group name="Master">
        <method signature="TC001_AccountRegistrationPage.verify_account_registration()[pri:0, instance:TestCases.TC001_AccountRegistrationPage@87a85e1]" name="verify_account_registration" class="TestCases.TC001_AccountRegistrationPage"/>
      </group> <!-- Master -->
      <group name="Regression">
        <method signature="TC002LoginTest.verify_login()[pri:0, instance:TestCases.TC002LoginTest@424e1977]" name="verify_login" class="TestCases.TC002LoginTest"/>
        <method signature="TC002LoginTest.verify_login()[pri:0, instance:TestCases.TC002LoginTest@dd0c991]" name="verify_login" class="TestCases.TC002LoginTest"/>
      </group> <!-- Regression -->
    </groups>
    <test started-at="2024-12-23T14:00:23 IST" name="chromeTest" finished-at="2024-12-23T14:00:36 IST" duration-ms="13331">
      <class name="TestCases.TC002LoginTest">
        <test-method is-config="true" signature="setup(java.lang.String,java.lang.String)[pri:0, instance:TestCases.TC002LoginTest@424e1977]" started-at="2024-12-23T14:00:23 IST" name="setup" finished-at="2024-12-23T14:00:33 IST" duration-ms="10007" status="PASS">
          <params>
            <param index="0">
              <value>
                <![CDATA[Windows]]>
              </value>
            </param>
            <param index="1">
              <value>
                <![CDATA[chrome]]>
              </value>
            </param>
          </params>
          <reporter-output>
          </reporter-output>
        </test-method> <!-- setup -->
        <test-method signature="verify_login()[pri:0, instance:TestCases.TC002LoginTest@424e1977]" started-at="2024-12-23T14:00:33 IST" name="verify_login" finished-at="2024-12-23T14:00:36 IST" duration-ms="2657" status="FAIL">
          <exception class="java.lang.AssertionError">
            <message>
              <![CDATA[expected [true] but found [false]]]>
            </message>
            <full-stacktrace>
              <![CDATA[java.lang.AssertionError: expected [true] but found [false]
at org.testng.Assert.fail(Assert.java:111)
at org.testng.Assert.failNotEquals(Assert.java:1578)
at org.testng.Assert.assertTrue(Assert.java:57)
at org.testng.Assert.assertTrue(Assert.java:67)
at TestCases.TC002LoginTest.verify_login(TC002LoginTest.java:34)
at java.base/jdk.internal.reflect.DirectMethodHandleAccessor.invoke(DirectMethodHandleAccessor.java:103)
at java.base/java.lang.reflect.Method.invoke(Method.java:580)
at org.testng.internal.invokers.MethodInvocationHelper.invokeMethod(MethodInvocationHelper.java:141)
at org.testng.internal.invokers.TestInvoker.invokeMethod(TestInvoker.java:686)
at org.testng.internal.invokers.TestInvoker.invokeTestMethod(TestInvoker.java:230)
at org.testng.internal.invokers.MethodRunner.runInSequence(MethodRunner.java:63)
at org.testng.internal.invokers.TestInvoker$MethodInvocationAgent.invoke(TestInvoker.java:992)
at org.testng.internal.invokers.TestInvoker.invokeTestMethods(TestInvoker.java:203)
at org.testng.internal.invokers.TestMethodWorker.invokeTestMethods(TestMethodWorker.java:154)
at org.testng.internal.invokers.TestMethodWorker.run(TestMethodWorker.java:134)
at java.base/java.util.ArrayList.forEach(ArrayList.java:1597)
at org.testng.TestRunner.privateRun(TestRunner.java:739)
at org.testng.TestRunner.run(TestRunner.java:614)
at org.testng.SuiteRunner.runTest(SuiteRunner.java:421)
at org.testng.SuiteRunner$SuiteWorker.run(SuiteRunner.java:463)
at org.testng.internal.thread.ThreadUtil.lambda$execute$0(ThreadUtil.java:64)
at java.base/java.util.concurrent.FutureTask.run(FutureTask.java:317)
at java.base/java.util.concurrent.ThreadPoolExecutor.runWorker(ThreadPoolExecutor.java:1144)
at java.base/java.util.concurrent.ThreadPoolExecutor$Worker.run(ThreadPoolExecutor.java:642)
at java.base/java.lang.Thread.run(Thread.java:1575)
]]>
            </full-stacktrace>
          </exception> <!-- java.lang.AssertionError -->
          <reporter-output>
          </reporter-output>
        </test-method> <!-- verify_login -->
        <test-method is-config="true" signature="tearDown()[pri:0, instance:TestCases.TC002LoginTest@424e1977]" started-at="2024-12-23T14:00:36 IST" name="tearDown" finished-at="2024-12-23T14:00:36 IST" duration-ms="2" status="PASS">
          <reporter-output>
          </reporter-output>
        </test-method> <!-- tearDown -->
      </class> <!-- TestCases.TC002LoginTest -->
    </test> <!-- chromeTest -->
    <test started-at="2024-12-23T14:00:23 IST" name="firefoxTest" finished-at="2024-12-23T14:00:51 IST" duration-ms="28815">
      <class name="TestCases.TC002LoginTest">
        <test-method is-config="true" signature="setup(java.lang.String,java.lang.String)[pri:0, instance:TestCases.TC002LoginTest@dd0c991]" started-at="2024-12-23T14:00:23 IST" name="setup" finished-at="2024-12-23T14:00:49 IST" duration-ms="26187" status="PASS">
          <params>
            <param index="0">
              <value>
                <![CDATA[Windows]]>
              </value>
            </param>
            <param index="1">
              <value>
                <![CDATA[firefox]]>
              </value>
            </param>
          </params>
          <reporter-output>
          </reporter-output>
        </test-method> <!-- setup -->
        <test-method signature="verify_login()[pri:0, instance:TestCases.TC002LoginTest@dd0c991]" started-at="2024-12-23T14:00:49 IST" name="verify_login" finished-at="2024-12-23T14:00:51 IST" duration-ms="2109" status="PASS">
          <reporter-output>
          </reporter-output>
        </test-method> <!-- verify_login -->
        <test-method is-config="true" signature="tearDown()[pri:0, instance:TestCases.TC002LoginTest@dd0c991]" started-at="2024-12-23T14:00:51 IST" name="tearDown" finished-at="2024-12-23T14:00:51 IST" duration-ms="1" status="PASS">
          <reporter-output>
          </reporter-output>
        </test-method> <!-- tearDown -->
      </class> <!-- TestCases.TC002LoginTest -->
    </test> <!-- firefoxTest -->
    <test started-at="2024-12-23T14:00:23 IST" name="edgeTest" finished-at="2024-12-23T14:00:58 IST" duration-ms="35033">
      <class name="TestCases.TC001_AccountRegistrationPage">
        <test-method is-config="true" signature="setup(java.lang.String,java.lang.String)[pri:0, instance:TestCases.TC001_AccountRegistrationPage@87a85e1]" started-at="2024-12-23T14:00:23 IST" name="setup" finished-at="2024-12-23T14:00:40 IST" duration-ms="17623" status="PASS">
          <params>
            <param index="0">
              <value>
                <![CDATA[Windows]]>
              </value>
            </param>
            <param index="1">
              <value>
                <![CDATA[edge]]>
              </value>
            </param>
          </params>
          <reporter-output>
          </reporter-output>
        </test-method> <!-- setup -->
        <test-method signature="verify_account_registration()[pri:0, instance:TestCases.TC001_AccountRegistrationPage@87a85e1]" started-at="2024-12-23T14:00:40 IST" name="verify_account_registration" finished-at="2024-12-23T14:00:58 IST" duration-ms="17104" status="PASS">
          <reporter-output>
          </reporter-output>
        </test-method> <!-- verify_account_registration -->
        <test-method is-config="true" signature="tearDown()[pri:0, instance:TestCases.TC001_AccountRegistrationPage@87a85e1]" started-at="2024-12-23T14:00:58 IST" name="tearDown" finished-at="2024-12-23T14:00:58 IST" duration-ms="1" status="PASS">
          <reporter-output>
          </reporter-output>
        </test-method> <!-- tearDown -->
      </class> <!-- TestCases.TC001_AccountRegistrationPage -->
    </test> <!-- edgeTest -->
  </suite> <!-- Suite -->
</testng-results>
